<?xml version="1.0" encoding="utf-8"?>
<TestRun id="e83f94ca-b0fe-41dd-af9e-9f7adcefe7a0" name="StatLight TestRun" runUser="DOMAIN\UserName" xmlns="http://microsoft.com/schemas/VisualStudio/TeamTest/2010">
  <TestSettings name="Local" id="184c7c57-d71a-480f-9de6-18ff3b15a7ff">
    <Description>These are default test settings for a local test run.</Description>
    <Deployment enabled="false" runDeploymentRoot="UserName_UserName-LT3 2011-08-23 11_36_44" />
    <Execution>
      <TestTypeSpecific />
      <AgentRule name="Execution Agents" />
    </Execution>
  </TestSettings>
  <Times creation="2011-08-23T11:36:44.4831051-07:00" queuing="2011-08-23T11:36:45.2943065-07:00" start="2011-08-23T11:36:45.3567066-07:00" finish="2011-08-23T11:36:45.8715075-07:00" />
  <ResultSummary outcome="Failed">
    <Counters total="2" executed="2" passed="1" error="0" failed="1" timeout="0" aborted="0" inconclusive="0" passedButRunAborted="0" notRunnable="0" notExecuted="0" disconnected="0" warning="0" completed="0" inProgress="0" pending="0" />
  </ResultSummary>
  <TestDefinitions>
    <UnitTest name="MethodPassed" id="becf20cb-74e3-3a4f-2d5f-8311683824ed">
      <Execution id="06e3924c-14f5-46e7-b640-77e77598e6c0" />
      <TestMethod codeBase="" adapterTypeName="" className="N1.C1" name="MethodPassed" />
    </UnitTest>
    <UnitTest name="MethodFailed" id="264ee2b2-3b8f-645c-d9ff-739a31f9c1e6">
      <Execution id="e9d88bbd-1814-445e-84fb-876d083d02d9" />
      <TestMethod codeBase="" adapterTypeName="" className="N1.C1" name="MethodFailed" />
    </UnitTest>
  </TestDefinitions>
  <TestLists>
    <TestList name="StatLight Test List" id="8c84fa94-04c1-424b-9868-57a2d4851a1d" />
  </TestLists>
  <TestEntries>
    <TestEntry testId="becf20cb-74e3-3a4f-2d5f-8311683824ed" executionId="06e3924c-14f5-46e7-b640-77e77598e6c0" testListId="8c84fa94-04c1-424b-9868-57a2d4851a1d" />
    <TestEntry testId="264ee2b2-3b8f-645c-d9ff-739a31f9c1e6" executionId="e9d88bbd-1814-445e-84fb-876d083d02d9" testListId="8c84fa94-04c1-424b-9868-57a2d4851a1d" />
  </TestEntries>
  <Results>
    <UnitTestResult executionId="06e3924c-14f5-46e7-b640-77e77598e6c0" testId="becf20cb-74e3-3a4f-2d5f-8311683824ed" testName="MethodPassed" computerName="UserName-LT3" duration="00:00:00.0001374" startTime="2011-08-23T11:36:45.8403074-07:00" endTime="2011-08-23T11:36:45.8559075-07:00" testType="13cdc9d9-ddb5-4fa4-a97d-d965ccfc6d4b" outcome="Passed" testListId="8c84fa94-04c1-424b-9868-57a2d4851a1d" relativeResultsDirectory="06e3924c-14f5-46e7-b640-77e77598e6c0" />
    <UnitTestResult executionId="e9d88bbd-1814-445e-84fb-876d083d02d9" testId="264ee2b2-3b8f-645c-d9ff-739a31f9c1e6" testName="MethodFailed" computerName="UserName-LT3" duration="00:00:00.0464235" startTime="2011-08-23T11:36:45.3723066-07:00" endTime="2011-08-23T11:36:45.8403074-07:00" testType="13cdc9d9-ddb5-4fa4-a97d-d965ccfc6d4b" outcome="Failed" testListId="8c84fa94-04c1-424b-9868-57a2d4851a1d" relativeResultsDirectory="e9d88bbd-1814-445e-84fb-876d083d02d9">
      <Output>
        <ErrorInfo>
          <Message>Failed Test</Message>
          <StackTrace>Some message that will be a stacktrace</StackTrace>
        </ErrorInfo>
      </Output>
    </UnitTestResult>
  </Results>
</TestRun>